<?xml version="1.0" encoding="UTF-8"?>
<testng-results skipped="0" failed="0" ignored="0" total="1" passed="1">
  <reporter-output>
  </reporter-output>
  <suite name="Default suite" duration-ms="47052" started-at="2020-06-05T22:47:39Z" finished-at="2020-06-05T22:48:26Z">
    <groups>
    </groups>
    <test name="Default test" duration-ms="47052" started-at="2020-06-05T22:47:39Z" finished-at="2020-06-05T22:48:26Z">
      <class name="com.Ecommerce.website.TestClasses.SavedOrder">
        <test-method status="PASS" signature="setup()[pri:0, instance:com.Ecommerce.website.TestClasses.SavedOrder@5f058f00]" name="setup" is-config="true" duration-ms="6752" started-at="2020-06-05T15:47:32Z" finished-at="2020-06-05T15:47:39Z">
          <reporter-output>
          </reporter-output>
        </test-method> <!-- setup -->
        <test-method status="PASS" signature="orderFromCart()[pri:0, instance:com.Ecommerce.website.TestClasses.SavedOrder@5f058f00]" name="orderFromCart" duration-ms="47033" started-at="2020-06-05T15:47:39Z" finished-at="2020-06-05T15:48:26Z">
          <reporter-output>
          </reporter-output>
        </test-method> <!-- orderFromCart -->
        <test-method status="PASS" signature="tearDown()[pri:0, instance:com.Ecommerce.website.TestClasses.SavedOrder@5f058f00]" name="tearDown" is-config="true" duration-ms="1688" started-at="2020-06-05T15:48:26Z" finished-at="2020-06-05T15:48:28Z">
          <reporter-output>
          </reporter-output>
        </test-method> <!-- tearDown -->
      </class> <!-- com.Ecommerce.website.TestClasses.SavedOrder -->
    </test> <!-- Default test -->
  </suite> <!-- Default suite -->
</testng-results>
